This file contains any messages produced by compilers while
running configure, to aid debugging if configure makes a mistake.

It was created by configure, which was
generated by GNU Autoconf 2.69.  Invocation command line was

  $ ./configure 

## --------- ##
## Platform. ##
## --------- ##

hostname = LAPTOP-H6P1GJFG
uname -m = x86_64
uname -r = 3.0.7-338.x86_64
uname -s = MINGW64_NT-10.0-19042
uname -v = 2019-11-21 23:07 UTC

/usr/bin/uname -p = unknown
/bin/uname -X     = unknown

/bin/arch              = x86_64
/usr/bin/arch -k       = unknown
/usr/convex/getsysinfo = unknown
/usr/bin/hostinfo      = unknown
/bin/machine           = unknown
/usr/bin/oslevel       = unknown
/bin/universe          = unknown

PATH: /mingw64/bin
PATH: /usr/bin
PATH: /c/Users/olive/bin
PATH: /c/Users/olive/R/R-cran/R-4.0.3/bin/x64
PATH: /c/Program Files (x86)/Common Files/Oracle/Java/javapath
PATH: /c/WINDOWS/system32
PATH: /c/WINDOWS
PATH: /c/WINDOWS/System32/Wbem
PATH: /c/WINDOWS/System32/WindowsPowerShell/v1.0
PATH: /c/Program Files/dotnet
PATH: /c/Program Files/PowerShell/7
PATH: /c/ProgramData/chocolatey/bin
PATH: /c/rtools40/usr/bin
PATH: /c/Users/olive/R/R-cran/R-4.0.3/bin
PATH: /cmd
PATH: /mingw64/bin
PATH: /usr/bin
PATH: /c/Program Files/Microsoft SQL Server/Client SDK/ODBC/170/Tools/Binn
PATH: /c/Program Files (x86)/Microsoft SQL Server/150/Tools/Binn
PATH: /c/Program Files/Microsoft SQL Server/150/Tools/Binn
PATH: /c/Program Files/Microsoft SQL Server/150/DTS/Binn
PATH: /c/Users/olive/AppData/Local/Programs/Python/Python39
PATH: /c/Program Files/Pandoc
PATH: /c/Users/olive/R/R-cran/R-4.0.3/bin/x64
PATH: /c/Users/olive/gdb-10.1/gdb
PATH: /c/Program Files/RStudio/bin
PATH: /c/rtools40/mingw64/bin
PATH: /c/Program Files/Docker/Docker/resources/bin
PATH: /c/ProgramData/DockerDesktop/version-bin
PATH: /c/Users/olive/AppData/Local/Microsoft/WindowsApps
PATH: /c/Users/olive/AppData/Local/Programs/Microsoft VS Code Insiders/bin
PATH: /c/Users/olive/.dotnet/tools
PATH: /c/Users/olive/AppData/Roaming/TinyTeX/bin/win32
PATH: /c/Program Files/RStudio/bin/postback
PATH: /bin
PATH: /c/Program Files/RStudio/bin/msys-ssh-1000-18


## ----------- ##
## Core tests. ##
## ----------- ##

configure:1851: creating ./config.status

## ---------------------- ##
## Running config.status. ##
## ---------------------- ##

This file was extended by config.status, which was
generated by GNU Autoconf 2.69.  Invocation command line was

  CONFIG_FILES    = 
  CONFIG_HEADERS  = 
  CONFIG_LINKS    = 
  CONFIG_COMMANDS = 
  $ ./config.status 

on LAPTOP-H6P1GJFG

config.status:713: creating src/Makevars

## ---------------- ##
## Cache variables. ##
## ---------------- ##

ac_cv_env_build_alias_set=
ac_cv_env_build_alias_value=
ac_cv_env_host_alias_set=
ac_cv_env_host_alias_value=
ac_cv_env_target_alias_set=
ac_cv_env_target_alias_value=

## ----------------- ##
## Output variables. ##
## ----------------- ##

DEFS='-DPACKAGE_NAME=\"\" -DPACKAGE_TARNAME=\"\" -DPACKAGE_VERSION=\"\" -DPACKAGE_STRING=\"\" -DPACKAGE_BUGREPORT=\"\" -DPACKAGE_URL=\"\"'
ECHO_C=''
ECHO_N='-n'
ECHO_T=''
LIBOBJS=''
LIBS=''
LTLIBOBJS=''
PACKAGE_BUGREPORT=''
PACKAGE_NAME=''
PACKAGE_STRING=''
PACKAGE_TARNAME=''
PACKAGE_URL=''
PACKAGE_VERSION=''
PATH_SEPARATOR=':'
SHELL='/bin/sh'
SUBDIR_SOURCES='export.cpp rcpp_hello_world.cpp test_class.cpp utils/cmd_coerce.cpp utils/matching.cpp utils/test_functions.cpp '
bindir='${exec_prefix}/bin'
build_alias=''
datadir='${datarootdir}'
datarootdir='${prefix}/share'
docdir='${datarootdir}/doc/${PACKAGE}'
dvidir='${docdir}'
exec_prefix='${prefix}'
host_alias=''
htmldir='${docdir}'
includedir='${prefix}/include'
infodir='${datarootdir}/info'
libdir='${exec_prefix}/lib'
libexecdir='${exec_prefix}/libexec'
localedir='${datarootdir}/locale'
localstatedir='${prefix}/var'
mandir='${datarootdir}/man'
oldincludedir='/usr/include'
pdfdir='${docdir}'
prefix='/usr/local'
program_transform_name='s,x,x,'
psdir='${docdir}'
runstatedir='${localstatedir}/run'
sbindir='${exec_prefix}/sbin'
sharedstatedir='${prefix}/com'
sysconfdir='${prefix}/etc'
target_alias=''

## ----------- ##
## confdefs.h. ##
## ----------- ##

/* confdefs.h */
#define PACKAGE_NAME ""
#define PACKAGE_TARNAME ""
#define PACKAGE_VERSION ""
#define PACKAGE_STRING ""
#define PACKAGE_BUGREPORT ""
#define PACKAGE_URL ""

configure: exit 0
